<?xml version="1.0" encoding="UTF-8"?>
<testsuite xmlns:xsi="http://www.w3.org/2001/XMLSchema-instance" xsi:noNamespaceSchemaLocation="https://maven.apache.org/surefire/maven-surefire-plugin/xsd/surefire-test-report.xsd" name="com.yasseensemlali.calculator.PostfixTest" time="0.671" tests="5" errors="0" skipped="0" failures="1">
  <properties>
    <property name="sun.desktop" value="windows"/>
    <property name="awt.toolkit" value="sun.awt.windows.WToolkit"/>
    <property name="java.specification.version" value="12"/>
    <property name="sun.cpu.isalist" value="amd64"/>
    <property name="sun.jnu.encoding" value="Cp1252"/>
    <property name="java.class.path" value="D:\School\Sem5\Java\postfixcalculator\target\test-classes;D:\School\Sem5\Java\postfixcalculator\target\classes;C:\Users\Yasseen\.m2\repository\org\slf4j\slf4j-api\1.7.26\slf4j-api-1.7.26.jar;C:\Users\Yasseen\.m2\repository\org\apache\logging\log4j\log4j-slf4j-impl\2.12.0\log4j-slf4j-impl-2.12.0.jar;C:\Users\Yasseen\.m2\repository\org\apache\logging\log4j\log4j-api\2.12.0\log4j-api-2.12.0.jar;C:\Users\Yasseen\.m2\repository\org\apache\logging\log4j\log4j-core\2.12.0\log4j-core-2.12.0.jar;C:\Users\Yasseen\.m2\repository\org\junit\jupiter\junit-jupiter-engine\5.5.1\junit-jupiter-engine-5.5.1.jar;C:\Users\Yasseen\.m2\repository\org\apiguardian\apiguardian-api\1.1.0\apiguardian-api-1.1.0.jar;C:\Users\Yasseen\.m2\repository\org\junit\platform\junit-platform-engine\1.5.1\junit-platform-engine-1.5.1.jar;C:\Users\Yasseen\.m2\repository\org\opentest4j\opentest4j\1.2.0\opentest4j-1.2.0.jar;C:\Users\Yasseen\.m2\repository\org\junit\platform\junit-platform-commons\1.5.1\junit-platform-commons-1.5.1.jar;C:\Users\Yasseen\.m2\repository\org\junit\jupiter\junit-jupiter-api\5.5.1\junit-jupiter-api-5.5.1.jar;C:\Users\Yasseen\.m2\repository\org\junit\vintage\junit-vintage-engine\5.5.1\junit-vintage-engine-5.5.1.jar;C:\Users\Yasseen\.m2\repository\junit\junit\4.12\junit-4.12.jar;C:\Users\Yasseen\.m2\repository\org\hamcrest\hamcrest-core\1.3\hamcrest-core-1.3.jar;C:\Users\Yasseen\.m2\repository\org\openjfx\javafx-graphics\12.0.2\javafx-graphics-12.0.2-win.jar;C:\Users\Yasseen\.m2\repository\org\openjfx\javafx-base\12.0.2\javafx-base-12.0.2.jar;C:\Users\Yasseen\.m2\repository\org\openjfx\javafx-base\12.0.2\javafx-base-12.0.2-win.jar;C:\Users\Yasseen\.m2\repository\org\openjfx\javafx-controls\12.0.2\javafx-controls-12.0.2.jar;C:\Users\Yasseen\.m2\repository\org\openjfx\javafx-controls\12.0.2\javafx-controls-12.0.2-win.jar;C:\Users\Yasseen\.m2\repository\org\openjfx\javafx-graphics\12.0.2\javafx-graphics-12.0.2.jar;C:\Users\Yasseen\.m2\repository\org\openjfx\javafx-fxml\12.0.2\javafx-fxml-12.0.2.jar;C:\Users\Yasseen\.m2\repository\org\openjfx\javafx-fxml\12.0.2\javafx-fxml-12.0.2-win.jar;C:\Users\Yasseen\.m2\repository\org\openjfx\javafx-web\12.0.2\javafx-web-12.0.2.jar;C:\Users\Yasseen\.m2\repository\org\openjfx\javafx-web\12.0.2\javafx-web-12.0.2-win.jar;C:\Users\Yasseen\.m2\repository\org\openjfx\javafx-media\12.0.2\javafx-media-12.0.2.jar;C:\Users\Yasseen\.m2\repository\org\openjfx\javafx-media\12.0.2\javafx-media-12.0.2-win.jar;"/>
    <property name="java.vm.vendor" value="Oracle Corporation"/>
    <property name="sun.arch.data.model" value="64"/>
    <property name="user.variant" value=""/>
    <property name="java.vendor.url" value="https://java.oracle.com/"/>
    <property name="user.timezone" value="America/Toronto"/>
    <property name="os.name" value="Windows 10"/>
    <property name="java.vm.specification.version" value="12"/>
    <property name="user.country" value="CA"/>
    <property name="sun.java.launcher" value="SUN_STANDARD"/>
    <property name="sun.boot.library.path" value="C:\Program Files\Java\jdk-12.0.2\bin"/>
    <property name="sun.java.command" value="C:\Users\Yasseen\AppData\Local\Temp\surefire5378479095788637607\surefirebooter6685677345166458607.jar C:\Users\Yasseen\AppData\Local\Temp\surefire5378479095788637607 2019-11-24T23-30-05_241-jvmRun1 surefire6123579519708469163tmp surefire_01102945898852401357tmp"/>
    <property name="jdk.debug" value="release"/>
    <property name="surefire.test.class.path" value="D:\School\Sem5\Java\postfixcalculator\target\test-classes;D:\School\Sem5\Java\postfixcalculator\target\classes;C:\Users\Yasseen\.m2\repository\org\slf4j\slf4j-api\1.7.26\slf4j-api-1.7.26.jar;C:\Users\Yasseen\.m2\repository\org\apache\logging\log4j\log4j-slf4j-impl\2.12.0\log4j-slf4j-impl-2.12.0.jar;C:\Users\Yasseen\.m2\repository\org\apache\logging\log4j\log4j-api\2.12.0\log4j-api-2.12.0.jar;C:\Users\Yasseen\.m2\repository\org\apache\logging\log4j\log4j-core\2.12.0\log4j-core-2.12.0.jar;C:\Users\Yasseen\.m2\repository\org\junit\jupiter\junit-jupiter-engine\5.5.1\junit-jupiter-engine-5.5.1.jar;C:\Users\Yasseen\.m2\repository\org\apiguardian\apiguardian-api\1.1.0\apiguardian-api-1.1.0.jar;C:\Users\Yasseen\.m2\repository\org\junit\platform\junit-platform-engine\1.5.1\junit-platform-engine-1.5.1.jar;C:\Users\Yasseen\.m2\repository\org\opentest4j\opentest4j\1.2.0\opentest4j-1.2.0.jar;C:\Users\Yasseen\.m2\repository\org\junit\platform\junit-platform-commons\1.5.1\junit-platform-commons-1.5.1.jar;C:\Users\Yasseen\.m2\repository\org\junit\jupiter\junit-jupiter-api\5.5.1\junit-jupiter-api-5.5.1.jar;C:\Users\Yasseen\.m2\repository\org\junit\vintage\junit-vintage-engine\5.5.1\junit-vintage-engine-5.5.1.jar;C:\Users\Yasseen\.m2\repository\junit\junit\4.12\junit-4.12.jar;C:\Users\Yasseen\.m2\repository\org\hamcrest\hamcrest-core\1.3\hamcrest-core-1.3.jar;C:\Users\Yasseen\.m2\repository\org\openjfx\javafx-graphics\12.0.2\javafx-graphics-12.0.2-win.jar;C:\Users\Yasseen\.m2\repository\org\openjfx\javafx-base\12.0.2\javafx-base-12.0.2.jar;C:\Users\Yasseen\.m2\repository\org\openjfx\javafx-base\12.0.2\javafx-base-12.0.2-win.jar;C:\Users\Yasseen\.m2\repository\org\openjfx\javafx-controls\12.0.2\javafx-controls-12.0.2.jar;C:\Users\Yasseen\.m2\repository\org\openjfx\javafx-controls\12.0.2\javafx-controls-12.0.2-win.jar;C:\Users\Yasseen\.m2\repository\org\openjfx\javafx-graphics\12.0.2\javafx-graphics-12.0.2.jar;C:\Users\Yasseen\.m2\repository\org\openjfx\javafx-fxml\12.0.2\javafx-fxml-12.0.2.jar;C:\Users\Yasseen\.m2\repository\org\openjfx\javafx-fxml\12.0.2\javafx-fxml-12.0.2-win.jar;C:\Users\Yasseen\.m2\repository\org\openjfx\javafx-web\12.0.2\javafx-web-12.0.2.jar;C:\Users\Yasseen\.m2\repository\org\openjfx\javafx-web\12.0.2\javafx-web-12.0.2-win.jar;C:\Users\Yasseen\.m2\repository\org\openjfx\javafx-media\12.0.2\javafx-media-12.0.2.jar;C:\Users\Yasseen\.m2\repository\org\openjfx\javafx-media\12.0.2\javafx-media-12.0.2-win.jar;"/>
    <property name="sun.cpu.endian" value="little"/>
    <property name="user.home" value="C:\Users\Yasseen"/>
    <property name="user.language" value="en"/>
    <property name="java.specification.vendor" value="Oracle Corporation"/>
    <property name="java.version.date" value="2019-07-16"/>
    <property name="java.home" value="C:\Program Files\Java\jdk-12.0.2"/>
    <property name="file.separator" value="\"/>
    <property name="basedir" value="D:\School\Sem5\Java\postfixcalculator"/>
    <property name="java.vm.compressedOopsMode" value="Zero based"/>
    <property name="line.separator" value="&#10;"/>
    <property name="java.vm.specification.vendor" value="Oracle Corporation"/>
    <property name="java.specification.name" value="Java Platform API Specification"/>
    <property name="java.awt.graphicsenv" value="sun.awt.Win32GraphicsEnvironment"/>
    <property name="surefire.real.class.path" value="C:\Users\Yasseen\AppData\Local\Temp\surefire5378479095788637607\surefirebooter6685677345166458607.jar"/>
    <property name="user.script" value=""/>
    <property name="sun.management.compiler" value="HotSpot 64-Bit Tiered Compilers"/>
    <property name="java.runtime.version" value="12.0.2+10"/>
    <property name="user.name" value="Yasseen"/>
    <property name="path.separator" value=";"/>
    <property name="os.version" value="10.0"/>
    <property name="java.runtime.name" value="Java(TM) SE Runtime Environment"/>
    <property name="file.encoding" value="UTF-8"/>
    <property name="java.vm.name" value="Java HotSpot(TM) 64-Bit Server VM"/>
    <property name="maven.ext.class.path" value="C:\Program Files\NetBeans-11.1\netbeans\java\maven-nblib\netbeans-eventspy.jar"/>
    <property name="localRepository" value="C:\Users\Yasseen\.m2\repository"/>
    <property name="java.vendor.url.bug" value="https://bugreport.java.com/bugreport/"/>
    <property name="java.io.tmpdir" value="C:\Users\Yasseen\AppData\Local\Temp\"/>
    <property name="java.version" value="12.0.2"/>
    <property name="user.dir" value="D:\School\Sem5\Java\postfixcalculator"/>
    <property name="os.arch" value="amd64"/>
    <property name="java.vm.specification.name" value="Java Virtual Machine Specification"/>
    <property name="sun.os.patch.level" value=""/>
    <property name="java.library.path" value="C:\Program Files\Java\jdk-12.0.2\bin;C:\Windows\Sun\Java\bin;C:\Windows\system32;C:\Windows;C:\Program Files (x86)\Common Files\Oracle\Java\javapath;C:\Windows\system32;C:\Windows;C:\Windows\System32\Wbem;C:\Windows\System32\WindowsPowerShell\v1.0\;C:\Windows\System32\OpenSSH\;C:\Program Files\NVIDIA Corporation\NVIDIA NvDLISR;C:\Program Files (x86)\NVIDIA Corporation\PhysX\Common;C:\Program Files\Git\cmd;C:\Program Files (x86)\Brackets\command;C:\Program Files (x86)\Streamlink\bin;C:\Program Files\dotnet\;C:\Program Files\Microsoft SQL Server\130\Tools\Binn\;C:\Program Files\Calibre2\;C:\Program Files (x86)\IVI Foundation\VISA\WinNT\Bin;C:\Program Files\MySQL\MySQL Shell 8.0\bin\;C:\Users\Yasseen\AppData\Local\Microsoft\WindowsApps;C:\Users\Yasseen\AppData\Local\atom\bin;."/>
    <property name="java.vm.info" value="mixed mode, sharing"/>
    <property name="java.vendor" value="Oracle Corporation"/>
    <property name="java.vm.version" value="12.0.2+10"/>
    <property name="sun.io.unicode.encoding" value="UnicodeLittle"/>
    <property name="java.class.version" value="56.0"/>
  </properties>
  <testcase name="testResult[0]" classname="com.yasseensemlali.calculator.PostfixTest$ValidExpressionTest" time="0.046"/>
  <testcase name="testResult[1]" classname="com.yasseensemlali.calculator.PostfixTest$ValidExpressionTest" time="0.018"/>
  <testcase name="testResult[2]" classname="com.yasseensemlali.calculator.PostfixTest$ValidExpressionTest" time="0.017"/>
  <testcase name="testResult[3]" classname="com.yasseensemlali.calculator.PostfixTest$ValidExpressionTest" time="0.031">
    <failure message="expected:&lt;[14.7]&gt; but was:&lt;[-178.10000000000002]&gt;" type="org.junit.ComparisonFailure"><![CDATA[org.junit.ComparisonFailure: expected:<[14.7]> but was:<[-178.10000000000002]>
	at com.yasseensemlali.calculator.PostfixTest$ValidExpressionTest.testResult(PostfixTest.java:55)
]]></failure>
    <system-out><![CDATA[[INFO ] 2019-11-24 23:30:07.170 [main] InfixConverter - Converting expression [(, 5.5, -, 9.0, *, 4.0, +, (, 7.0, *, 2.7, -, 3.0, ), *, 6.0, +, 1.0, ), -, 2.0, *, (, 3.8, +, 9.0, ), *, 2.0]
[INFO ] 2019-11-24 23:30:07.170 [main] InfixConverter - Evaluating: (
[DEBUG] 2019-11-24 23:30:07.170 [main] InfixConverter - Current expression queue: []
[DEBUG] 2019-11-24 23:30:07.170 [main] InfixConverter - Current operator stack: []
[DEBUG] 2019-11-24 23:30:07.170 [main] InfixConverter - member is left parenthesis, adding to operator stack
[DEBUG] 2019-11-24 23:30:07.171 [main] InfixConverter - New expression queue: []
[DEBUG] 2019-11-24 23:30:07.171 [main] InfixConverter - New operator stack: [(]
[INFO ] 2019-11-24 23:30:07.171 [main] InfixConverter - Evaluating: 5.5
[DEBUG] 2019-11-24 23:30:07.171 [main] InfixConverter - Current expression queue: []
[DEBUG] 2019-11-24 23:30:07.171 [main] InfixConverter - Current operator stack: [(]
[DEBUG] 2019-11-24 23:30:07.171 [main] InfixConverter - member is operand, adding to expression
[DEBUG] 2019-11-24 23:30:07.171 [main] InfixConverter - New expression queue: [5.5]
[DEBUG] 2019-11-24 23:30:07.171 [main] InfixConverter - New operator stack: [(]
[INFO ] 2019-11-24 23:30:07.171 [main] InfixConverter - Evaluating: -
[DEBUG] 2019-11-24 23:30:07.171 [main] InfixConverter - Current expression queue: [5.5]
[DEBUG] 2019-11-24 23:30:07.171 [main] InfixConverter - Current operator stack: [(]
[DEBUG] 2019-11-24 23:30:07.171 [main] InfixConverter - member is operator
[DEBUG] 2019-11-24 23:30:07.171 [main] InfixConverter - Comparing operand to (
[DEBUG] 2019-11-24 23:30:07.171 [main] InfixConverter - Can follow
[DEBUG] 2019-11-24 23:30:07.171 [main] InfixConverter - Adding operand to operator stack
[DEBUG] 2019-11-24 23:30:07.171 [main] InfixConverter - New expression queue: [5.5]
[DEBUG] 2019-11-24 23:30:07.171 [main] InfixConverter - New operator stack: [(, -]
[INFO ] 2019-11-24 23:30:07.172 [main] InfixConverter - Evaluating: 9.0
[DEBUG] 2019-11-24 23:30:07.172 [main] InfixConverter - Current expression queue: [5.5]
[DEBUG] 2019-11-24 23:30:07.172 [main] InfixConverter - Current operator stack: [(, -]
[DEBUG] 2019-11-24 23:30:07.172 [main] InfixConverter - member is operand, adding to expression
[DEBUG] 2019-11-24 23:30:07.172 [main] InfixConverter - New expression queue: [5.5, 9.0]
[DEBUG] 2019-11-24 23:30:07.172 [main] InfixConverter - New operator stack: [(, -]
[INFO ] 2019-11-24 23:30:07.172 [main] InfixConverter - Evaluating: *
[DEBUG] 2019-11-24 23:30:07.172 [main] InfixConverter - Current expression queue: [5.5, 9.0]
[DEBUG] 2019-11-24 23:30:07.172 [main] InfixConverter - Current operator stack: [(, -]
[DEBUG] 2019-11-24 23:30:07.172 [main] InfixConverter - member is operator
[DEBUG] 2019-11-24 23:30:07.172 [main] InfixConverter - Comparing operand to -
[DEBUG] 2019-11-24 23:30:07.172 [main] InfixConverter - Can follow
[DEBUG] 2019-11-24 23:30:07.172 [main] InfixConverter - Adding operand to operator stack
[DEBUG] 2019-11-24 23:30:07.173 [main] InfixConverter - New expression queue: [5.5, 9.0]
[DEBUG] 2019-11-24 23:30:07.173 [main] InfixConverter - New operator stack: [(, -, *]
[INFO ] 2019-11-24 23:30:07.173 [main] InfixConverter - Evaluating: 4.0
[DEBUG] 2019-11-24 23:30:07.173 [main] InfixConverter - Current expression queue: [5.5, 9.0]
[DEBUG] 2019-11-24 23:30:07.173 [main] InfixConverter - Current operator stack: [(, -, *]
[DEBUG] 2019-11-24 23:30:07.173 [main] InfixConverter - member is operand, adding to expression
[DEBUG] 2019-11-24 23:30:07.173 [main] InfixConverter - New expression queue: [5.5, 9.0, 4.0]
[DEBUG] 2019-11-24 23:30:07.173 [main] InfixConverter - New operator stack: [(, -, *]
[INFO ] 2019-11-24 23:30:07.173 [main] InfixConverter - Evaluating: +
[DEBUG] 2019-11-24 23:30:07.173 [main] InfixConverter - Current expression queue: [5.5, 9.0, 4.0]
[DEBUG] 2019-11-24 23:30:07.173 [main] InfixConverter - Current operator stack: [(, -, *]
[DEBUG] 2019-11-24 23:30:07.173 [main] InfixConverter - member is operator
[DEBUG] 2019-11-24 23:30:07.173 [main] InfixConverter - Comparing operand to *
[DEBUG] 2019-11-24 23:30:07.173 [main] InfixConverter - Can't follow, popping top of operator stack to expression
[DEBUG] 2019-11-24 23:30:07.173 [main] InfixConverter - Adding operand to operator stack
[DEBUG] 2019-11-24 23:30:07.173 [main] InfixConverter - New expression queue: [5.5, 9.0, 4.0, *]
[DEBUG] 2019-11-24 23:30:07.173 [main] InfixConverter - New operator stack: [(, -, +]
[INFO ] 2019-11-24 23:30:07.173 [main] InfixConverter - Evaluating: (
[DEBUG] 2019-11-24 23:30:07.173 [main] InfixConverter - Current expression queue: [5.5, 9.0, 4.0, *]
[DEBUG] 2019-11-24 23:30:07.174 [main] InfixConverter - Current operator stack: [(, -, +]
[DEBUG] 2019-11-24 23:30:07.174 [main] InfixConverter - member is left parenthesis, adding to operator stack
[DEBUG] 2019-11-24 23:30:07.174 [main] InfixConverter - New expression queue: [5.5, 9.0, 4.0, *]
[DEBUG] 2019-11-24 23:30:07.174 [main] InfixConverter - New operator stack: [(, -, +, (]
[INFO ] 2019-11-24 23:30:07.174 [main] InfixConverter - Evaluating: 7.0
[DEBUG] 2019-11-24 23:30:07.174 [main] InfixConverter - Current expression queue: [5.5, 9.0, 4.0, *]
[DEBUG] 2019-11-24 23:30:07.174 [main] InfixConverter - Current operator stack: [(, -, +, (]
[DEBUG] 2019-11-24 23:30:07.174 [main] InfixConverter - member is operand, adding to expression
[DEBUG] 2019-11-24 23:30:07.174 [main] InfixConverter - New expression queue: [5.5, 9.0, 4.0, *, 7.0]
[DEBUG] 2019-11-24 23:30:07.174 [main] InfixConverter - New operator stack: [(, -, +, (]
[INFO ] 2019-11-24 23:30:07.174 [main] InfixConverter - Evaluating: *
[DEBUG] 2019-11-24 23:30:07.174 [main] InfixConverter - Current expression queue: [5.5, 9.0, 4.0, *, 7.0]
[DEBUG] 2019-11-24 23:30:07.174 [main] InfixConverter - Current operator stack: [(, -, +, (]
[DEBUG] 2019-11-24 23:30:07.174 [main] InfixConverter - member is operator
[DEBUG] 2019-11-24 23:30:07.174 [main] InfixConverter - Comparing operand to (
[DEBUG] 2019-11-24 23:30:07.174 [main] InfixConverter - Can follow
[DEBUG] 2019-11-24 23:30:07.174 [main] InfixConverter - Adding operand to operator stack
[DEBUG] 2019-11-24 23:30:07.174 [main] InfixConverter - New expression queue: [5.5, 9.0, 4.0, *, 7.0]
[DEBUG] 2019-11-24 23:30:07.175 [main] InfixConverter - New operator stack: [(, -, +, (, *]
[INFO ] 2019-11-24 23:30:07.175 [main] InfixConverter - Evaluating: 2.7
[DEBUG] 2019-11-24 23:30:07.175 [main] InfixConverter - Current expression queue: [5.5, 9.0, 4.0, *, 7.0]
[DEBUG] 2019-11-24 23:30:07.175 [main] InfixConverter - Current operator stack: [(, -, +, (, *]
[DEBUG] 2019-11-24 23:30:07.175 [main] InfixConverter - member is operand, adding to expression
[DEBUG] 2019-11-24 23:30:07.175 [main] InfixConverter - New expression queue: [5.5, 9.0, 4.0, *, 7.0, 2.7]
[DEBUG] 2019-11-24 23:30:07.175 [main] InfixConverter - New operator stack: [(, -, +, (, *]
[INFO ] 2019-11-24 23:30:07.175 [main] InfixConverter - Evaluating: -
[DEBUG] 2019-11-24 23:30:07.175 [main] InfixConverter - Current expression queue: [5.5, 9.0, 4.0, *, 7.0, 2.7]
[DEBUG] 2019-11-24 23:30:07.175 [main] InfixConverter - Current operator stack: [(, -, +, (, *]
[DEBUG] 2019-11-24 23:30:07.175 [main] InfixConverter - member is operator
[DEBUG] 2019-11-24 23:30:07.175 [main] InfixConverter - Comparing operand to *
[DEBUG] 2019-11-24 23:30:07.175 [main] InfixConverter - Can't follow, popping top of operator stack to expression
[DEBUG] 2019-11-24 23:30:07.175 [main] InfixConverter - Adding operand to operator stack
[DEBUG] 2019-11-24 23:30:07.175 [main] InfixConverter - New expression queue: [5.5, 9.0, 4.0, *, 7.0, 2.7, *]
[DEBUG] 2019-11-24 23:30:07.175 [main] InfixConverter - New operator stack: [(, -, +, (, -]
[INFO ] 2019-11-24 23:30:07.175 [main] InfixConverter - Evaluating: 3.0
[DEBUG] 2019-11-24 23:30:07.175 [main] InfixConverter - Current expression queue: [5.5, 9.0, 4.0, *, 7.0, 2.7, *]
[DEBUG] 2019-11-24 23:30:07.175 [main] InfixConverter - Current operator stack: [(, -, +, (, -]
[DEBUG] 2019-11-24 23:30:07.175 [main] InfixConverter - member is operand, adding to expression
[DEBUG] 2019-11-24 23:30:07.176 [main] InfixConverter - New expression queue: [5.5, 9.0, 4.0, *, 7.0, 2.7, *, 3.0]
[DEBUG] 2019-11-24 23:30:07.176 [main] InfixConverter - New operator stack: [(, -, +, (, -]
[INFO ] 2019-11-24 23:30:07.176 [main] InfixConverter - Evaluating: )
[DEBUG] 2019-11-24 23:30:07.176 [main] InfixConverter - Current expression queue: [5.5, 9.0, 4.0, *, 7.0, 2.7, *, 3.0]
[DEBUG] 2019-11-24 23:30:07.176 [main] InfixConverter - Current operator stack: [(, -, +, (, -]
[DEBUG] 2019-11-24 23:30:07.176 [main] InfixConverter - member is right parenthesis
[DEBUG] 2019-11-24 23:30:07.176 [main] InfixConverter - Evaluating: -
[DEBUG] 2019-11-24 23:30:07.176 [main] InfixConverter - Popping top of operand stack to expression
[DEBUG] 2019-11-24 23:30:07.176 [main] InfixConverter - Evaluating: (
[DEBUG] 2019-11-24 23:30:07.176 [main] InfixConverter - Encountered left parenthesis, discarding it from operator stack
[DEBUG] 2019-11-24 23:30:07.176 [main] InfixConverter - New expression queue: [5.5, 9.0, 4.0, *, 7.0, 2.7, *, 3.0, -]
[DEBUG] 2019-11-24 23:30:07.176 [main] InfixConverter - New operator stack: [(, -, +]
[INFO ] 2019-11-24 23:30:07.176 [main] InfixConverter - Evaluating: *
[DEBUG] 2019-11-24 23:30:07.176 [main] InfixConverter - Current expression queue: [5.5, 9.0, 4.0, *, 7.0, 2.7, *, 3.0, -]
[DEBUG] 2019-11-24 23:30:07.176 [main] InfixConverter - Current operator stack: [(, -, +]
[DEBUG] 2019-11-24 23:30:07.176 [main] InfixConverter - member is operator
[DEBUG] 2019-11-24 23:30:07.176 [main] InfixConverter - Comparing operand to +
[DEBUG] 2019-11-24 23:30:07.176 [main] InfixConverter - Can follow
[DEBUG] 2019-11-24 23:30:07.176 [main] InfixConverter - Adding operand to operator stack
[DEBUG] 2019-11-24 23:30:07.176 [main] InfixConverter - New expression queue: [5.5, 9.0, 4.0, *, 7.0, 2.7, *, 3.0, -]
[DEBUG] 2019-11-24 23:30:07.178 [main] InfixConverter - New operator stack: [(, -, +, *]
[INFO ] 2019-11-24 23:30:07.178 [main] InfixConverter - Evaluating: 6.0
[DEBUG] 2019-11-24 23:30:07.178 [main] InfixConverter - Current expression queue: [5.5, 9.0, 4.0, *, 7.0, 2.7, *, 3.0, -]
[DEBUG] 2019-11-24 23:30:07.178 [main] InfixConverter - Current operator stack: [(, -, +, *]
[DEBUG] 2019-11-24 23:30:07.178 [main] InfixConverter - member is operand, adding to expression
[DEBUG] 2019-11-24 23:30:07.178 [main] InfixConverter - New expression queue: [5.5, 9.0, 4.0, *, 7.0, 2.7, *, 3.0, -, 6.0]
[DEBUG] 2019-11-24 23:30:07.178 [main] InfixConverter - New operator stack: [(, -, +, *]
[INFO ] 2019-11-24 23:30:07.179 [main] InfixConverter - Evaluating: +
[DEBUG] 2019-11-24 23:30:07.179 [main] InfixConverter - Current expression queue: [5.5, 9.0, 4.0, *, 7.0, 2.7, *, 3.0, -, 6.0]
[DEBUG] 2019-11-24 23:30:07.179 [main] InfixConverter - Current operator stack: [(, -, +, *]
[DEBUG] 2019-11-24 23:30:07.179 [main] InfixConverter - member is operator
[DEBUG] 2019-11-24 23:30:07.179 [main] InfixConverter - Comparing operand to *
[DEBUG] 2019-11-24 23:30:07.179 [main] InfixConverter - Can't follow, popping top of operator stack to expression
[DEBUG] 2019-11-24 23:30:07.179 [main] InfixConverter - Adding operand to operator stack
[DEBUG] 2019-11-24 23:30:07.179 [main] InfixConverter - New expression queue: [5.5, 9.0, 4.0, *, 7.0, 2.7, *, 3.0, -, 6.0, *]
[DEBUG] 2019-11-24 23:30:07.179 [main] InfixConverter - New operator stack: [(, -, +, +]
[INFO ] 2019-11-24 23:30:07.179 [main] InfixConverter - Evaluating: 1.0
[DEBUG] 2019-11-24 23:30:07.179 [main] InfixConverter - Current expression queue: [5.5, 9.0, 4.0, *, 7.0, 2.7, *, 3.0, -, 6.0, *]
[DEBUG] 2019-11-24 23:30:07.179 [main] InfixConverter - Current operator stack: [(, -, +, +]
[DEBUG] 2019-11-24 23:30:07.179 [main] InfixConverter - member is operand, adding to expression
[DEBUG] 2019-11-24 23:30:07.179 [main] InfixConverter - New expression queue: [5.5, 9.0, 4.0, *, 7.0, 2.7, *, 3.0, -, 6.0, *, 1.0]
[DEBUG] 2019-11-24 23:30:07.179 [main] InfixConverter - New operator stack: [(, -, +, +]
[INFO ] 2019-11-24 23:30:07.179 [main] InfixConverter - Evaluating: )
[DEBUG] 2019-11-24 23:30:07.179 [main] InfixConverter - Current expression queue: [5.5, 9.0, 4.0, *, 7.0, 2.7, *, 3.0, -, 6.0, *, 1.0]
[DEBUG] 2019-11-24 23:30:07.179 [main] InfixConverter - Current operator stack: [(, -, +, +]
[DEBUG] 2019-11-24 23:30:07.179 [main] InfixConverter - member is right parenthesis
[DEBUG] 2019-11-24 23:30:07.179 [main] InfixConverter - Evaluating: +
[DEBUG] 2019-11-24 23:30:07.180 [main] InfixConverter - Popping top of operand stack to expression
[DEBUG] 2019-11-24 23:30:07.180 [main] InfixConverter - Evaluating: +
[DEBUG] 2019-11-24 23:30:07.180 [main] InfixConverter - Popping top of operand stack to expression
[DEBUG] 2019-11-24 23:30:07.180 [main] InfixConverter - Evaluating: -
[DEBUG] 2019-11-24 23:30:07.180 [main] InfixConverter - Popping top of operand stack to expression
[DEBUG] 2019-11-24 23:30:07.180 [main] InfixConverter - Evaluating: (
[DEBUG] 2019-11-24 23:30:07.180 [main] InfixConverter - Encountered left parenthesis, discarding it from operator stack
[DEBUG] 2019-11-24 23:30:07.180 [main] InfixConverter - New expression queue: [5.5, 9.0, 4.0, *, 7.0, 2.7, *, 3.0, -, 6.0, *, 1.0, +, +, -]
[DEBUG] 2019-11-24 23:30:07.180 [main] InfixConverter - New operator stack: []
[INFO ] 2019-11-24 23:30:07.180 [main] InfixConverter - Evaluating: -
[DEBUG] 2019-11-24 23:30:07.181 [main] InfixConverter - Current expression queue: [5.5, 9.0, 4.0, *, 7.0, 2.7, *, 3.0, -, 6.0, *, 1.0, +, +, -]
[DEBUG] 2019-11-24 23:30:07.181 [main] InfixConverter - Current operator stack: []
[DEBUG] 2019-11-24 23:30:07.181 [main] InfixConverter - member is operator
[DEBUG] 2019-11-24 23:30:07.181 [main] InfixConverter - Adding operand to operator stack
[DEBUG] 2019-11-24 23:30:07.181 [main] InfixConverter - New expression queue: [5.5, 9.0, 4.0, *, 7.0, 2.7, *, 3.0, -, 6.0, *, 1.0, +, +, -]
[DEBUG] 2019-11-24 23:30:07.181 [main] InfixConverter - New operator stack: [-]
[INFO ] 2019-11-24 23:30:07.181 [main] InfixConverter - Evaluating: 2.0
[DEBUG] 2019-11-24 23:30:07.181 [main] InfixConverter - Current expression queue: [5.5, 9.0, 4.0, *, 7.0, 2.7, *, 3.0, -, 6.0, *, 1.0, +, +, -]
[DEBUG] 2019-11-24 23:30:07.181 [main] InfixConverter - Current operator stack: [-]
[DEBUG] 2019-11-24 23:30:07.181 [main] InfixConverter - member is operand, adding to expression
[DEBUG] 2019-11-24 23:30:07.181 [main] InfixConverter - New expression queue: [5.5, 9.0, 4.0, *, 7.0, 2.7, *, 3.0, -, 6.0, *, 1.0, +, +, -, 2.0]
[DEBUG] 2019-11-24 23:30:07.182 [main] InfixConverter - New operator stack: [-]
[INFO ] 2019-11-24 23:30:07.182 [main] InfixConverter - Evaluating: *
[DEBUG] 2019-11-24 23:30:07.182 [main] InfixConverter - Current expression queue: [5.5, 9.0, 4.0, *, 7.0, 2.7, *, 3.0, -, 6.0, *, 1.0, +, +, -, 2.0]
[DEBUG] 2019-11-24 23:30:07.182 [main] InfixConverter - Current operator stack: [-]
[DEBUG] 2019-11-24 23:30:07.182 [main] InfixConverter - member is operator
[DEBUG] 2019-11-24 23:30:07.182 [main] InfixConverter - Comparing operand to -
[DEBUG] 2019-11-24 23:30:07.182 [main] InfixConverter - Can follow
[DEBUG] 2019-11-24 23:30:07.182 [main] InfixConverter - Adding operand to operator stack
[DEBUG] 2019-11-24 23:30:07.182 [main] InfixConverter - New expression queue: [5.5, 9.0, 4.0, *, 7.0, 2.7, *, 3.0, -, 6.0, *, 1.0, +, +, -, 2.0]
[DEBUG] 2019-11-24 23:30:07.182 [main] InfixConverter - New operator stack: [-, *]
[INFO ] 2019-11-24 23:30:07.182 [main] InfixConverter - Evaluating: (
[DEBUG] 2019-11-24 23:30:07.182 [main] InfixConverter - Current expression queue: [5.5, 9.0, 4.0, *, 7.0, 2.7, *, 3.0, -, 6.0, *, 1.0, +, +, -, 2.0]
[DEBUG] 2019-11-24 23:30:07.182 [main] InfixConverter - Current operator stack: [-, *]
[DEBUG] 2019-11-24 23:30:07.182 [main] InfixConverter - member is left parenthesis, adding to operator stack
[DEBUG] 2019-11-24 23:30:07.182 [main] InfixConverter - New expression queue: [5.5, 9.0, 4.0, *, 7.0, 2.7, *, 3.0, -, 6.0, *, 1.0, +, +, -, 2.0]
[DEBUG] 2019-11-24 23:30:07.182 [main] InfixConverter - New operator stack: [-, *, (]
[INFO ] 2019-11-24 23:30:07.182 [main] InfixConverter - Evaluating: 3.8
[DEBUG] 2019-11-24 23:30:07.182 [main] InfixConverter - Current expression queue: [5.5, 9.0, 4.0, *, 7.0, 2.7, *, 3.0, -, 6.0, *, 1.0, +, +, -, 2.0]
[DEBUG] 2019-11-24 23:30:07.182 [main] InfixConverter - Current operator stack: [-, *, (]
[DEBUG] 2019-11-24 23:30:07.182 [main] InfixConverter - member is operand, adding to expression
[DEBUG] 2019-11-24 23:30:07.182 [main] InfixConverter - New expression queue: [5.5, 9.0, 4.0, *, 7.0, 2.7, *, 3.0, -, 6.0, *, 1.0, +, +, -, 2.0, 3.8]
[DEBUG] 2019-11-24 23:30:07.182 [main] InfixConverter - New operator stack: [-, *, (]
[INFO ] 2019-11-24 23:30:07.182 [main] InfixConverter - Evaluating: +
[DEBUG] 2019-11-24 23:30:07.183 [main] InfixConverter - Current expression queue: [5.5, 9.0, 4.0, *, 7.0, 2.7, *, 3.0, -, 6.0, *, 1.0, +, +, -, 2.0, 3.8]
[DEBUG] 2019-11-24 23:30:07.183 [main] InfixConverter - Current operator stack: [-, *, (]
[DEBUG] 2019-11-24 23:30:07.183 [main] InfixConverter - member is operator
[DEBUG] 2019-11-24 23:30:07.183 [main] InfixConverter - Comparing operand to (
[DEBUG] 2019-11-24 23:30:07.184 [main] InfixConverter - Can follow
[DEBUG] 2019-11-24 23:30:07.184 [main] InfixConverter - Adding operand to operator stack
[DEBUG] 2019-11-24 23:30:07.185 [main] InfixConverter - New expression queue: [5.5, 9.0, 4.0, *, 7.0, 2.7, *, 3.0, -, 6.0, *, 1.0, +, +, -, 2.0, 3.8]
[DEBUG] 2019-11-24 23:30:07.185 [main] InfixConverter - New operator stack: [-, *, (, +]
[INFO ] 2019-11-24 23:30:07.185 [main] InfixConverter - Evaluating: 9.0
[DEBUG] 2019-11-24 23:30:07.186 [main] InfixConverter - Current expression queue: [5.5, 9.0, 4.0, *, 7.0, 2.7, *, 3.0, -, 6.0, *, 1.0, +, +, -, 2.0, 3.8]
[DEBUG] 2019-11-24 23:30:07.186 [main] InfixConverter - Current operator stack: [-, *, (, +]
[DEBUG] 2019-11-24 23:30:07.186 [main] InfixConverter - member is operand, adding to expression
[DEBUG] 2019-11-24 23:30:07.186 [main] InfixConverter - New expression queue: [5.5, 9.0, 4.0, *, 7.0, 2.7, *, 3.0, -, 6.0, *, 1.0, +, +, -, 2.0, 3.8, 9.0]
[DEBUG] 2019-11-24 23:30:07.186 [main] InfixConverter - New operator stack: [-, *, (, +]
[INFO ] 2019-11-24 23:30:07.186 [main] InfixConverter - Evaluating: )
[DEBUG] 2019-11-24 23:30:07.186 [main] InfixConverter - Current expression queue: [5.5, 9.0, 4.0, *, 7.0, 2.7, *, 3.0, -, 6.0, *, 1.0, +, +, -, 2.0, 3.8, 9.0]
[DEBUG] 2019-11-24 23:30:07.186 [main] InfixConverter - Current operator stack: [-, *, (, +]
[DEBUG] 2019-11-24 23:30:07.186 [main] InfixConverter - member is right parenthesis
[DEBUG] 2019-11-24 23:30:07.186 [main] InfixConverter - Evaluating: +
[DEBUG] 2019-11-24 23:30:07.186 [main] InfixConverter - Popping top of operand stack to expression
[DEBUG] 2019-11-24 23:30:07.186 [main] InfixConverter - Evaluating: (
[DEBUG] 2019-11-24 23:30:07.186 [main] InfixConverter - Encountered left parenthesis, discarding it from operator stack
[DEBUG] 2019-11-24 23:30:07.186 [main] InfixConverter - New expression queue: [5.5, 9.0, 4.0, *, 7.0, 2.7, *, 3.0, -, 6.0, *, 1.0, +, +, -, 2.0, 3.8, 9.0, +]
[DEBUG] 2019-11-24 23:30:07.186 [main] InfixConverter - New operator stack: [-, *]
[INFO ] 2019-11-24 23:30:07.186 [main] InfixConverter - Evaluating: *
[DEBUG] 2019-11-24 23:30:07.187 [main] InfixConverter - Current expression queue: [5.5, 9.0, 4.0, *, 7.0, 2.7, *, 3.0, -, 6.0, *, 1.0, +, +, -, 2.0, 3.8, 9.0, +]
[DEBUG] 2019-11-24 23:30:07.187 [main] InfixConverter - Current operator stack: [-, *]
[DEBUG] 2019-11-24 23:30:07.187 [main] InfixConverter - member is operator
[DEBUG] 2019-11-24 23:30:07.187 [main] InfixConverter - Comparing operand to *
[DEBUG] 2019-11-24 23:30:07.187 [main] InfixConverter - Can't follow, popping top of operator stack to expression
[DEBUG] 2019-11-24 23:30:07.187 [main] InfixConverter - Adding operand to operator stack
[DEBUG] 2019-11-24 23:30:07.187 [main] InfixConverter - New expression queue: [5.5, 9.0, 4.0, *, 7.0, 2.7, *, 3.0, -, 6.0, *, 1.0, +, +, -, 2.0, 3.8, 9.0, +, *]
[DEBUG] 2019-11-24 23:30:07.187 [main] InfixConverter - New operator stack: [-, *]
[INFO ] 2019-11-24 23:30:07.189 [main] InfixConverter - Evaluating: 2.0
[DEBUG] 2019-11-24 23:30:07.189 [main] InfixConverter - Current expression queue: [5.5, 9.0, 4.0, *, 7.0, 2.7, *, 3.0, -, 6.0, *, 1.0, +, +, -, 2.0, 3.8, 9.0, +, *]
[DEBUG] 2019-11-24 23:30:07.189 [main] InfixConverter - Current operator stack: [-, *]
[DEBUG] 2019-11-24 23:30:07.189 [main] InfixConverter - member is operand, adding to expression
[DEBUG] 2019-11-24 23:30:07.189 [main] InfixConverter - New expression queue: [5.5, 9.0, 4.0, *, 7.0, 2.7, *, 3.0, -, 6.0, *, 1.0, +, +, -, 2.0, 3.8, 9.0, +, *, 2.0]
[DEBUG] 2019-11-24 23:30:07.189 [main] InfixConverter - New operator stack: [-, *]
[DEBUG] 2019-11-24 23:30:07.189 [main] InfixConverter - Adding * to expression
[DEBUG] 2019-11-24 23:30:07.190 [main] InfixConverter - Adding - to expression
[INFO ] 2019-11-24 23:30:07.190 [main] InfixConverter - Final expression: [5.5, 9.0, 4.0, *, 7.0, 2.7, *, 3.0, -, 6.0, *, 1.0, +, +, -, 2.0, 3.8, 9.0, +, *, 2.0, *, -]
[INFO ] 2019-11-24 23:30:07.190 [main] InfixConverter - Evaluating expression: [5.5, 9.0, 4.0, *, 7.0, 2.7, *, 3.0, -, 6.0, *, 1.0, +, +, -, 2.0, 3.8, 9.0, +, *, 2.0, *, -]
[INFO ] 2019-11-24 23:30:07.190 [main] InfixConverter - Evaluating: 5.5
[DEBUG] 2019-11-24 23:30:07.190 [main] InfixConverter - member is operand, adding to result stack
[INFO ] 2019-11-24 23:30:07.190 [main] InfixConverter - Evaluating: 9.0
[DEBUG] 2019-11-24 23:30:07.190 [main] InfixConverter - member is operand, adding to result stack
[INFO ] 2019-11-24 23:30:07.190 [main] InfixConverter - Evaluating: 4.0
[DEBUG] 2019-11-24 23:30:07.190 [main] InfixConverter - member is operand, adding to result stack
[INFO ] 2019-11-24 23:30:07.190 [main] InfixConverter - Evaluating: *
[DEBUG] 2019-11-24 23:30:07.190 [main] InfixConverter - member is operand
[DEBUG] 2019-11-24 23:30:07.190 [main] InfixConverter - Applying operator * on 9.0 and 4.0
[INFO ] 2019-11-24 23:30:07.190 [main] InfixConverter - Evaluating: 7.0
[DEBUG] 2019-11-24 23:30:07.190 [main] InfixConverter - member is operand, adding to result stack
[INFO ] 2019-11-24 23:30:07.190 [main] InfixConverter - Evaluating: 2.7
[DEBUG] 2019-11-24 23:30:07.190 [main] InfixConverter - member is operand, adding to result stack
[INFO ] 2019-11-24 23:30:07.190 [main] InfixConverter - Evaluating: *
[DEBUG] 2019-11-24 23:30:07.190 [main] InfixConverter - member is operand
[DEBUG] 2019-11-24 23:30:07.190 [main] InfixConverter - Applying operator * on 7.0 and 2.7
[INFO ] 2019-11-24 23:30:07.190 [main] InfixConverter - Evaluating: 3.0
[DEBUG] 2019-11-24 23:30:07.190 [main] InfixConverter - member is operand, adding to result stack
[INFO ] 2019-11-24 23:30:07.190 [main] InfixConverter - Evaluating: -
[DEBUG] 2019-11-24 23:30:07.190 [main] InfixConverter - member is operand
[DEBUG] 2019-11-24 23:30:07.190 [main] InfixConverter - Applying operator - on 18.900000000000002 and 3.0
[INFO ] 2019-11-24 23:30:07.190 [main] InfixConverter - Evaluating: 6.0
[DEBUG] 2019-11-24 23:30:07.190 [main] InfixConverter - member is operand, adding to result stack
[INFO ] 2019-11-24 23:30:07.191 [main] InfixConverter - Evaluating: *
[DEBUG] 2019-11-24 23:30:07.191 [main] InfixConverter - member is operand
[DEBUG] 2019-11-24 23:30:07.191 [main] InfixConverter - Applying operator * on 15.900000000000002 and 6.0
[INFO ] 2019-11-24 23:30:07.191 [main] InfixConverter - Evaluating: 1.0
[DEBUG] 2019-11-24 23:30:07.191 [main] InfixConverter - member is operand, adding to result stack
[INFO ] 2019-11-24 23:30:07.191 [main] InfixConverter - Evaluating: +
[DEBUG] 2019-11-24 23:30:07.191 [main] InfixConverter - member is operand
[DEBUG] 2019-11-24 23:30:07.191 [main] InfixConverter - Applying operator + on 95.4 and 1.0
[INFO ] 2019-11-24 23:30:07.191 [main] InfixConverter - Evaluating: +
[DEBUG] 2019-11-24 23:30:07.191 [main] InfixConverter - member is operand
[DEBUG] 2019-11-24 23:30:07.191 [main] InfixConverter - Applying operator + on 36.0 and 96.4
[INFO ] 2019-11-24 23:30:07.191 [main] InfixConverter - Evaluating: -
[DEBUG] 2019-11-24 23:30:07.191 [main] InfixConverter - member is operand
[DEBUG] 2019-11-24 23:30:07.191 [main] InfixConverter - Applying operator - on 5.5 and 132.4
[INFO ] 2019-11-24 23:30:07.191 [main] InfixConverter - Evaluating: 2.0
[DEBUG] 2019-11-24 23:30:07.191 [main] InfixConverter - member is operand, adding to result stack
[INFO ] 2019-11-24 23:30:07.191 [main] InfixConverter - Evaluating: 3.8
[DEBUG] 2019-11-24 23:30:07.191 [main] InfixConverter - member is operand, adding to result stack
[INFO ] 2019-11-24 23:30:07.191 [main] InfixConverter - Evaluating: 9.0
[DEBUG] 2019-11-24 23:30:07.191 [main] InfixConverter - member is operand, adding to result stack
[INFO ] 2019-11-24 23:30:07.191 [main] InfixConverter - Evaluating: +
[DEBUG] 2019-11-24 23:30:07.191 [main] InfixConverter - member is operand
[DEBUG] 2019-11-24 23:30:07.191 [main] InfixConverter - Applying operator + on 3.8 and 9.0
[INFO ] 2019-11-24 23:30:07.192 [main] InfixConverter - Evaluating: *
[DEBUG] 2019-11-24 23:30:07.192 [main] InfixConverter - member is operand
[DEBUG] 2019-11-24 23:30:07.192 [main] InfixConverter - Applying operator * on 2.0 and 12.8
[INFO ] 2019-11-24 23:30:07.192 [main] InfixConverter - Evaluating: 2.0
[DEBUG] 2019-11-24 23:30:07.192 [main] InfixConverter - member is operand, adding to result stack
[INFO ] 2019-11-24 23:30:07.192 [main] InfixConverter - Evaluating: *
[DEBUG] 2019-11-24 23:30:07.192 [main] InfixConverter - member is operand
[DEBUG] 2019-11-24 23:30:07.192 [main] InfixConverter - Applying operator * on 25.6 and 2.0
[INFO ] 2019-11-24 23:30:07.192 [main] InfixConverter - Evaluating: -
[DEBUG] 2019-11-24 23:30:07.192 [main] InfixConverter - member is operand
[DEBUG] 2019-11-24 23:30:07.193 [main] InfixConverter - Applying operator - on -126.9 and 51.2
[INFO ] 2019-11-24 23:30:07.193 [main] InfixConverter - Result: -178.10000000000002
]]></system-out>
  </testcase>
  <testcase name="testResult[4]" classname="com.yasseensemlali.calculator.PostfixTest$ValidExpressionTest" time="0.015"/>
</testsuite>